<?xml version="1.0" encoding="UTF-8"?>
<!-- Generated by org.testng.reporters.JUnitReportReporter -->
<testsuite hostname="akshay-OptiPlex-3050" name="Xelpmoc.Test.NewTest" tests="1" failures="0" timestamp="30 Mar 2018 12:59:10 GMT" time="3.905" errors="0">
  <testcase name="Login" time="3.905" classname="Xelpmoc.Test.NewTest"/>
</testsuite> <!-- Xelpmoc.Test.NewTest -->
